# JRE version: Java(TM) SE Runtime Environment (8.0_211-b12) (build 1.8.0_211-b12)
# Java VM: Java HotSpot(TM) 64-Bit Server VM (25.211-b12 mixed mode linux-amd64 compressed oops)
Heap:
 par new generation   total 153344K, used 81688K [0x00000006c0000000, 0x00000006ca660000, 0x00000006ca660000)
  eden space 136320K,  59% used [0x00000006c0000000, 0x00000006c4fb9608, 0x00000006c8520000)
  from space 17024K,   0% used [0x00000006c95c0000, 0x00000006c95ccb00, 0x00000006ca660000)
  to   space 17024K,   0% used [0x00000006c8520000, 0x00000006c8520000, 0x00000006c95c0000)
 concurrent mark-sweep generation total 1926784K, used 23966K [0x00000006ca660000, 0x0000000740000000, 0x00000007c0000000)
 Metaspace       used 51371K, capacity 53618K, committed 53700K, reserved 1095680K
  class space    used 6123K, capacity 6523K, committed 6596K, reserved 1048576K
GC Heap History (10 events):
Event: 2752050,920 GC heap before
{Heap before GC invocations=48 (full 2):
 par new generation   total 153344K, used 136385K [0x00000006c0000000, 0x00000006ca660000, 0x00000006ca660000)
  eden space 136320K, 100% used [0x00000006c0000000, 0x00000006c8520000, 0x00000006c8520000)
  from space 17024K,   0% used [0x00000006c8520000, 0x00000006c8530470, 0x00000006c95c0000)
  to   space 17024K,   0% used [0x00000006c95c0000, 0x00000006c95c0000, 0x00000006ca660000)
 concurrent mark-sweep generation total 1926784K, used 23946K [0x00000006ca660000, 0x0000000740000000, 0x00000007c0000000)
 Metaspace       used 51353K, capacity 53618K, committed 53700K, reserved 1095680K
  class space    used 6123K, capacity 6523K, committed 6596K, reserved 1048576K
Event: 2752050,933 GC heap after
Heap after GC invocations=49 (full 2):
 par new generation   total 153344K, used 69K [0x00000006c0000000, 0x00000006ca660000, 0x00000006ca660000)
  eden space 136320K,   0% used [0x00000006c0000000, 0x00000006c0000000, 0x00000006c8520000)
  from space 17024K,   0% used [0x00000006c95c0000, 0x00000006c95d1748, 0x00000006ca660000)
  to   space 17024K,   0% used [0x00000006c8520000, 0x00000006c8520000, 0x00000006c95c0000)
 concurrent mark-sweep generation total 1926784K, used 23947K [0x00000006ca660000, 0x0000000740000000, 0x00000007c0000000)
 Metaspace       used 51353K, capacity 53618K, committed 53700K, reserved 1095680K
  class space    used 6123K, capacity 6523K, committed 6596K, reserved 1048576K
}
Event: 2814013,494 GC heap before
{Heap before GC invocations=49 (full 2):
 par new generation   total 153344K, used 136389K [0x00000006c0000000, 0x00000006ca660000, 0x00000006ca660000)
  eden space 136320K, 100% used [0x00000006c0000000, 0x00000006c8520000, 0x00000006c8520000)
  from space 17024K,   0% used [0x00000006c95c0000, 0x00000006c95d1748, 0x00000006ca660000)
  to   space 17024K,   0% used [0x00000006c8520000, 0x00000006c8520000, 0x00000006c95c0000)
 concurrent mark-sweep generation total 1926784K, used 23947K [0x00000006ca660000, 0x0000000740000000, 0x00000007c0000000)
 Metaspace       used 51353K, capacity 53618K, committed 53700K, reserved 1095680K
  class space    used 6123K, capacity 6523K, committed 6596K, reserved 1048576K
Event: 2814013,507 GC heap after
Heap after GC invocations=50 (full 2):
 par new generation   total 153344K, used 49K [0x00000006c0000000, 0x00000006ca660000, 0x00000006ca660000)
  eden space 136320K,   0% used [0x00000006c0000000, 0x00000006c0000000, 0x00000006c8520000)
  from space 17024K,   0% used [0x00000006c8520000, 0x00000006c852c600, 0x00000006c95c0000)
  to   space 17024K,   0% used [0x00000006c95c0000, 0x00000006c95c0000, 0x00000006ca660000)
 concurrent mark-sweep generation total 1926784K, used 23962K [0x00000006ca660000, 0x0000000740000000, 0x00000007c0000000)
 Metaspace       used 51353K, capacity 53618K, committed 53700K, reserved 1095680K
  class space    used 6123K, capacity 6523K, committed 6596K, reserved 1048576K
}
Event: 2870246,522 GC heap before
{Heap before GC invocations=50 (full 2):
 par new generation   total 153344K, used 136369K [0x00000006c0000000, 0x00000006ca660000, 0x00000006ca660000)
  eden space 136320K, 100% used [0x00000006c0000000, 0x00000006c8520000, 0x00000006c8520000)
  from space 17024K,   0% used [0x00000006c8520000, 0x00000006c852c600, 0x00000006c95c0000)
  to   space 17024K,   0% used [0x00000006c95c0000, 0x00000006c95c0000, 0x00000006ca660000)
 concurrent mark-sweep generation total 1926784K, used 23962K [0x00000006ca660000, 0x0000000740000000, 0x00000007c0000000)
 Metaspace       used 51362K, capacity 53618K, committed 53700K, reserved 1095680K
  class space    used 6123K, capacity 6523K, committed 6596K, reserved 1048576K
Event: 2870246,536 GC heap after
Heap after GC invocations=51 (full 2):
 par new generation   total 153344K, used 83K [0x00000006c0000000, 0x00000006ca660000, 0x00000006ca660000)
  eden space 136320K,   0% used [0x00000006c0000000, 0x00000006c0000000, 0x00000006c8520000)
  from space 17024K,   0% used [0x00000006c95c0000, 0x00000006c95d4f50, 0x00000006ca660000)
  to   space 17024K,   0% used [0x00000006c8520000, 0x00000006c8520000, 0x00000006c95c0000)
 concurrent mark-sweep generation total 1926784K, used 23962K [0x00000006ca660000, 0x0000000740000000, 0x00000007c0000000)
 Metaspace       used 51362K, capacity 53618K, committed 53700K, reserved 1095680K
  class space    used 6123K, capacity 6523K, committed 6596K, reserved 1048576K
}
Event: 2931600,017 GC heap before
{Heap before GC invocations=51 (full 2):
 par new generation   total 153344K, used 136403K [0x00000006c0000000, 0x00000006ca660000, 0x00000006ca660000)
  eden space 136320K, 100% used [0x00000006c0000000, 0x00000006c8520000, 0x00000006c8520000)
  from space 17024K,   0% used [0x00000006c95c0000, 0x00000006c95d4f50, 0x00000006ca660000)
  to   space 17024K,   0% used [0x00000006c8520000, 0x00000006c8520000, 0x00000006c95c0000)
 concurrent mark-sweep generation total 1926784K, used 23962K [0x00000006ca660000, 0x0000000740000000, 0x00000007c0000000)
 Metaspace       used 51363K, capacity 53618K, committed 53700K, reserved 1095680K
  class space    used 6123K, capacity 6523K, committed 6596K, reserved 1048576K
Event: 2931600,031 GC heap after
Heap after GC invocations=52 (full 2):
 par new generation   total 153344K, used 53K [0x00000006c0000000, 0x00000006ca660000, 0x00000006ca660000)
  eden space 136320K,   0% used [0x00000006c0000000, 0x00000006c0000000, 0x00000006c8520000)
  from space 17024K,   0% used [0x00000006c8520000, 0x00000006c852d640, 0x00000006c95c0000)
  to   space 17024K,   0% used [0x00000006c95c0000, 0x00000006c95c0000, 0x00000006ca660000)
 concurrent mark-sweep generation total 1926784K, used 23962K [0x00000006ca660000, 0x0000000740000000, 0x00000007c0000000)
 Metaspace       used 51363K, capacity 53618K, committed 53700K, reserved 1095680K
  class space    used 6123K, capacity 6523K, committed 6596K, reserved 1048576K
}
Event: 2992850,029 GC heap before
{Heap before GC invocations=52 (full 2):
 par new generation   total 153344K, used 136373K [0x00000006c0000000, 0x00000006ca660000, 0x00000006ca660000)
  eden space 136320K, 100% used [0x00000006c0000000, 0x00000006c8520000, 0x00000006c8520000)
  from space 17024K,   0% used [0x00000006c8520000, 0x00000006c852d640, 0x00000006c95c0000)
  to   space 17024K,   0% used [0x00000006c95c0000, 0x00000006c95c0000, 0x00000006ca660000)
 concurrent mark-sweep generation total 1926784K, used 23962K [0x00000006ca660000, 0x0000000740000000, 0x00000007c0000000)
 Metaspace       used 51365K, capacity 53618K, committed 53700K, reserved 1095680K
  class space    used 6123K, capacity 6523K, committed 6596K, reserved 1048576K
Event: 2992850,043 GC heap after
Heap after GC invocations=53 (full 2):
 par new generation   total 153344K, used 50K [0x00000006c0000000, 0x00000006ca660000, 0x00000006ca660000)
  eden space 136320K,   0% used [0x00000006c0000000, 0x00000006c0000000, 0x00000006c8520000)
  from space 17024K,   0% used [0x00000006c95c0000, 0x00000006c95ccb00, 0x00000006ca660000)
  to   space 17024K,   0% used [0x00000006c8520000, 0x00000006c8520000, 0x00000006c95c0000)
 concurrent mark-sweep generation total 1926784K, used 23966K [0x00000006ca660000, 0x0000000740000000, 0x00000007c0000000)
 Metaspace       used 51365K, capacity 53618K, committed 53700K, reserved 1095680K
  class space    used 6123K, capacity 6523K, committed 6596K, reserved 1048576K
}

